<?xml version="1.0" encoding="UTF-8"?>
<testsuite name="LimitedCoinsTest" tests="4" skipped="0" failures="0" errors="0" timestamp="2016-04-21T18:49:12" hostname="epicodus-54.local" time="0.002">
  <properties/>
  <testcase name="runCoinCombinations_limitedCoinsEqualTo75_1nickel" classname="LimitedCoinsTest" time="0.002"/>
  <testcase name="runCoinCombinations_limitedCoinsEqualTo75_2dimes" classname="LimitedCoinsTest" time="0.0"/>
  <testcase name="runCoinCombinations_limitedCoinsEqualTo75_2quarters" classname="LimitedCoinsTest" time="0.0"/>
  <testcase name="runCoinCombinations_limitedCoinsEqualTo75_ranOutOfQuarters_true" classname="LimitedCoinsTest" time="0.0"/>
  <system-out><![CDATA[]]></system-out>
  <system-err><![CDATA[]]></system-err>
</testsuite>
