<?xml version="1.0" encoding="UTF-8"?>
<testsuite name="CoinCombinationsTest" tests="1" skipped="0" failures="0" errors="0" timestamp="2016-04-21T16:12:46" hostname="epicodus-54.local" time="0.001">
  <properties/>
  <testcase name="runCoinCombinations_coinsAboveOrEqualTo25_quarter" classname="CoinCombinationsTest" time="0.001"/>
  <system-out><![CDATA[]]></system-out>
  <system-err><![CDATA[]]></system-err>
</testsuite>
